{"ts":1685094136197,"action":"PROJECT_OPENED","tags":{"PROJECT_NAME":"YoutubeDownloader"}}
{"ts":1685094138192,"action":"IDE_DEACTIVATED"}
{"ts":1685094138523,"action":"FILE_OPENED","file":"/build.gradle","tags":{"FILE_LINE_OF_CODE":"19"}}
{"ts":1685094138818,"action":"IDE_ACTIVATED"}
{"ts":1685094139089,"action":"FILE_CLOSED","file":"/build.gradle","tags":{"FILE_LINE_OF_CODE":"19"}}
{"ts":1685094139089,"action":"FILE_OPENED","file":"/src/main/java/me/alex/youtubedownloader/Main.java","tags":{"FILE_LINE_OF_CODE":"7"}}
{"ts":1685094196190,"action":"IDE_DEACTIVATED"}
{"ts":1685094197579,"action":"IDE_ACTIVATED"}
{"ts":1685094253625,"action":"FILE_CLOSED","file":"/src/main/java/me/alex/youtubedownloader/Main.java","tags":{"FILE_LINE_OF_CODE":"7"}}
{"ts":1685094253625,"action":"FILE_OPENED","file":"/src/main/java/me/alex/youtubedownloader/YoutubeUI.java","tags":{"FILE_LINE_OF_CODE":"355"}}
{"ts":1685094281444,"action":"FILE_CLOSED","file":"/src/main/java/me/alex/youtubedownloader/YoutubeUI.java","tags":{"FILE_LINE_OF_CODE":"355"}}
{"ts":1685094281444,"action":"FILE_OPENED","file":"/src/main/java/me/alex/youtubedownloader/Youtuberesult.java","tags":{"FILE_LINE_OF_CODE":"31"}}
{"ts":1685094284059,"action":"FILE_OPENED","file":"/src/main/java/me/alex/youtubedownloader/YoutubeUI.java","tags":{"FILE_LINE_OF_CODE":"355"}}
{"ts":1685094292222,"action":"FILE_CLOSED","file":"/src/main/java/me/alex/youtubedownloader/YoutubeUI.java","tags":{"FILE_LINE_OF_CODE":"355"}}
{"ts":1685094292222,"action":"FILE_OPENED","file":"/src/main/java/me/alex/youtubedownloader/YoutubeResult.java","tags":{"FILE_LINE_OF_CODE":"31"}}
{"ts":1685094301515,"action":"FILE_CLOSED","file":"/src/main/java/me/alex/youtubedownloader/YoutubeResult.java","tags":{"FILE_LINE_OF_CODE":"31"}}
{"ts":1685094301515,"action":"FILE_OPENED","file":"/src/main/java/me/alex/youtubedownloader/Utils.java","tags":{"FILE_LINE_OF_CODE":"243"}}
{"ts":1685094310247,"action":"FILE_CLOSED","file":"/src/main/java/me/alex/youtubedownloader/Utils.java","tags":{"FILE_LINE_OF_CODE":"243"}}
{"ts":1685094310247,"action":"FILE_OPENED","file":"/src/main/java/me/alex/youtubedownloader/TriConsumer.java","tags":{"FILE_LINE_OF_CODE":"14"}}
{"ts":1685094316496,"action":"FILE_CLOSED","file":"/src/main/java/me/alex/youtubedownloader/TriConsumer.java","tags":{"FILE_LINE_OF_CODE":"14"}}
{"ts":1685094316496,"action":"FILE_OPENED","file":"/src/main/java/me/alex/youtubedownloader/Main.java","tags":{"FILE_LINE_OF_CODE":"7"}}
{"ts":1685094329748,"action":"FILE_CLOSED","file":"/src/main/java/me/alex/youtubedownloader/Main.java","tags":{"FILE_LINE_OF_CODE":"7"}}
{"ts":1685094329748,"action":"FILE_OPENED","file":"/src/main/java/me/alex/youtubedownloader/Utils.java","tags":{"FILE_LINE_OF_CODE":"243"}}
{"ts":1685094332867,"action":"FILE_CLOSED","file":"/src/main/java/me/alex/youtubedownloader/Utils.java","tags":{"FILE_LINE_OF_CODE":"243"}}
{"ts":1685094332867,"action":"FILE_OPENED","file":"/build.gradle","tags":{"FILE_LINE_OF_CODE":"19"}}
{"ts":1685094335889,"action":"IDE_DEACTIVATED"}
{"ts":1685094338589,"action":"IDE_ACTIVATED"}
{"ts":1685094340189,"action":"IDE_DEACTIVATED"}
{"ts":1685094340328,"action":"IDE_ACTIVATED"}
{"ts":1685094352995,"action":"IDE_DEACTIVATED"}
{"ts":1685094355124,"action":"IDE_ACTIVATED"}
{"ts":1685094440114,"action":"FILE_CLOSED","file":"/build.gradle","tags":{"FILE_LINE_OF_CODE":"36"}}
{"ts":1685094440114,"action":"FILE_OPENED","file":"/src/main/java/me/alex/youtubedownloader/YoutubeUI.java","tags":{"FILE_LINE_OF_CODE":"355"}}
{"ts":1685094551945,"action":"FILE_CLOSED","file":"/src/main/java/me/alex/youtubedownloader/YoutubeUI.java","tags":{"FILE_LINE_OF_CODE":"351"}}
{"ts":1685094551945,"action":"FILE_OPENED","file":"/src/main/java/me/alex/youtubedownloader/listener/DownloadActionListener.java","tags":{"FILE_LINE_OF_CODE":"3"}}
{"ts":1685094691812,"action":"FILE_CLOSED","file":"/src/main/java/me/alex/youtubedownloader/listener/DownloadActionListener.java","tags":{"FILE_LINE_OF_CODE":"57"}}
{"ts":1685094691812,"action":"FILE_OPENED","file":"/src/main/java/me/alex/youtubedownloader/YoutubeUI.java","tags":{"FILE_LINE_OF_CODE":"354"}}
{"ts":1685094699135,"action":"FILE_CLOSED","file":"/src/main/java/me/alex/youtubedownloader/YoutubeUI.java","tags":{"FILE_LINE_OF_CODE":"355"}}
{"ts":1685094699135,"action":"FILE_OPENED","file":"/src/main/java/me/alex/youtubedownloader/listener/DownloadActionListener.java","tags":{"FILE_LINE_OF_CODE":"57"}}
{"ts":1685094758984,"action":"FILE_CLOSED","file":"/src/main/java/me/alex/youtubedownloader/listener/DownloadActionListener.java","tags":{"FILE_LINE_OF_CODE":"60"}}
{"ts":1685094758984,"action":"FILE_OPENED","file":"/src/main/java/me/alex/youtubedownloader/YoutubeResult.java","tags":{"FILE_LINE_OF_CODE":"31"}}
{"ts":1685094760060,"action":"FILE_CLOSED","file":"/src/main/java/me/alex/youtubedownloader/YoutubeResult.java","tags":{"FILE_LINE_OF_CODE":"31"}}
{"ts":1685094760060,"action":"FILE_OPENED","file":"/src/main/java/me/alex/youtubedownloader/YoutubeUI.java","tags":{"FILE_LINE_OF_CODE":"355"}}
{"ts":1685094823696,"action":"FILE_CLOSED","file":"/src/main/java/me/alex/youtubedownloader/YoutubeUI.java","tags":{"FILE_LINE_OF_CODE":"342"}}
{"ts":1685094823696,"action":"FILE_OPENED","file":"/src/main/java/me/alex/youtubedownloader/listener/LocationActionListener.java","tags":{"FILE_LINE_OF_CODE":"29"}}
{"ts":1685094854491,"action":"FILE_CLOSED","file":"/src/main/java/me/alex/youtubedownloader/listener/LocationActionListener.java","tags":{"FILE_LINE_OF_CODE":"29"}}
{"ts":1685094854491,"action":"FILE_OPENED","file":"/src/main/java/me/alex/youtubedownloader/YoutubeUI.java","tags":{"FILE_LINE_OF_CODE":"342"}}
{"ts":1685094895146,"action":"FILE_CLOSED","file":"/src/main/java/me/alex/youtubedownloader/YoutubeUI.java","tags":{"FILE_LINE_OF_CODE":"381"}}
{"ts":1685094895146,"action":"FILE_OPENED","file":"/src/main/java/me/alex/youtubedownloader/listener/DownloadActionListener.java","tags":{"FILE_LINE_OF_CODE":"60"}}
{"ts":1685095068371,"action":"FILE_CLOSED","file":"/src/main/java/me/alex/youtubedownloader/listener/DownloadActionListener.java","tags":{"FILE_LINE_OF_CODE":"61"}}
{"ts":1685095068371,"action":"FILE_OPENED","file":"/src/main/java/me/alex/youtubedownloader/listener/LocationActionListener.java","tags":{"FILE_LINE_OF_CODE":"29"}}
{"ts":1685095074920,"action":"FILE_OPENED","file":"/src/main/java/me/alex/youtubedownloader/YoutubeUI.java","tags":{"FILE_LINE_OF_CODE":"381"}}
{"ts":1685095580010,"action":"FILE_CLOSED","file":"/src/main/java/me/alex/youtubedownloader/YoutubeUI.java","tags":{"FILE_LINE_OF_CODE":"346"}}
{"ts":1685095580010,"action":"FILE_OPENED","file":"/src/main/java/me/alex/youtubedownloader/listener/SearchActionListener.java","tags":{"FILE_LINE_OF_CODE":"52"}}
{"ts":1685095992050,"action":"FILE_CLOSED","file":"/src/main/java/me/alex/youtubedownloader/listener/SearchActionListener.java","tags":{"FILE_LINE_OF_CODE":"52"}}
{"ts":1685095992050,"action":"FILE_OPENED","file":"/src/main/java/me/alex/youtubedownloader/YoutubeUI.java","tags":{"FILE_LINE_OF_CODE":"346"}}
{"ts":1685096268828,"action":"FILE_CLOSED","file":"/src/main/java/me/alex/youtubedownloader/YoutubeUI.java","tags":{"FILE_LINE_OF_CODE":"221"}}
{"ts":1685096268828,"action":"FILE_OPENED","file":"/src/main/java/me/alex/youtubedownloader/Utils.java","tags":{"FILE_LINE_OF_CODE":"243"}}
{"ts":1685096298516,"action":"FILE_CLOSED","file":"/src/main/java/me/alex/youtubedownloader/Utils.java","tags":{"FILE_LINE_OF_CODE":"241"}}
{"ts":1685096298516,"action":"FILE_OPENED","file":"/src/main/java/me/alex/youtubedownloader/YoutubeUI.java","tags":{"FILE_LINE_OF_CODE":"221"}}
{"ts":1685096365106,"action":"FILE_CLOSED","file":"/src/main/java/me/alex/youtubedownloader/YoutubeUI.java","tags":{"FILE_LINE_OF_CODE":"217"}}
{"ts":1685096365106,"action":"FILE_OPENED","file":"/src/main/java/me/alex/youtubedownloader/listener/DownloadActionListener.java","tags":{"FILE_LINE_OF_CODE":"61"}}
{"ts":1685096389746,"action":"FILE_CLOSED","file":"/src/main/java/me/alex/youtubedownloader/listener/DownloadActionListener.java","tags":{"FILE_LINE_OF_CODE":"61"}}
{"ts":1685096389746,"action":"FILE_OPENED","file":"/src/main/java/me/alex/youtubedownloader/YoutubeUI.java","tags":{"FILE_LINE_OF_CODE":"217"}}
{"ts":1685096519836,"action":"FILE_CLOSED","file":"/src/main/java/me/alex/youtubedownloader/YoutubeUI.java","tags":{"FILE_LINE_OF_CODE":"218"}}
{"ts":1685096519836,"action":"FILE_OPENED","file":"/src/main/java/me/alex/youtubedownloader/listener/LocationActionListener.java","tags":{"FILE_LINE_OF_CODE":"26"}}
{"ts":1685096571455,"action":"FILE_CLOSED","file":"/src/main/java/me/alex/youtubedownloader/listener/LocationActionListener.java","tags":{"FILE_LINE_OF_CODE":"26"}}
{"ts":1685096571455,"action":"FILE_OPENED","file":"/src/main/java/me/alex/youtubedownloader/YoutubeUI.java","tags":{"FILE_LINE_OF_CODE":"218"}}
{"ts":1685096577233,"action":"FILE_CLOSED","file":"/src/main/java/me/alex/youtubedownloader/YoutubeUI.java","tags":{"FILE_LINE_OF_CODE":"218"}}
{"ts":1685096577233,"action":"FILE_OPENED","file":"/src/main/java/me/alex/youtubedownloader/YoutubeResult.java","tags":{"FILE_LINE_OF_CODE":"31"}}
{"ts":1685096580695,"action":"FILE_CLOSED","file":"/src/main/java/me/alex/youtubedownloader/YoutubeResult.java","tags":{"FILE_LINE_OF_CODE":"31"}}
{"ts":1685096580695,"action":"FILE_OPENED","file":"/src/main/java/me/alex/youtubedownloader/listener/LocationActionListener.java","tags":{"FILE_LINE_OF_CODE":"26"}}
{"ts":1685096660923,"action":"FILE_CLOSED","file":"/src/main/java/me/alex/youtubedownloader/listener/LocationActionListener.java","tags":{"FILE_LINE_OF_CODE":"25"}}
{"ts":1685096660923,"action":"FILE_OPENED","file":"/src/main/java/me/alex/youtubedownloader/YoutubeUI.java","tags":{"FILE_LINE_OF_CODE":"218"}}
{"ts":1685096691464,"action":"FILE_CLOSED","file":"/src/main/java/me/alex/youtubedownloader/YoutubeUI.java","tags":{"FILE_LINE_OF_CODE":"218"}}
{"ts":1685096691464,"action":"FILE_OPENED","file":"/src/main/java/me/alex/youtubedownloader/YoutubeResult.java","tags":{"FILE_LINE_OF_CODE":"31"}}
{"ts":1685096702269,"action":"FILE_CLOSED","file":"/src/main/java/me/alex/youtubedownloader/YoutubeResult.java","tags":{"FILE_LINE_OF_CODE":"31"}}
{"ts":1685096702269,"action":"FILE_OPENED","file":"/src/main/java/me/alex/youtubedownloader/listener/ResultListCellRenderer.java","tags":{"FILE_LINE_OF_CODE":"67"}}
{"ts":1685096764465,"action":"FILE_CLOSED","file":"/src/main/java/me/alex/youtubedownloader/renderer/ResultListCellRenderer.java","tags":{"FILE_LINE_OF_CODE":"67"}}
{"ts":1685096764465,"action":"FILE_OPENED","file":"/src/main/java/me/alex/youtubedownloader/YoutubeUI.java","tags":{"FILE_LINE_OF_CODE":"221"}}
{"ts":1685096774884,"action":"FILE_CLOSED","file":"/src/main/java/me/alex/youtubedownloader/YoutubeUI.java","tags":{"FILE_LINE_OF_CODE":"221"}}
{"ts":1685096774884,"action":"FILE_OPENED","file":"/src/main/java/me/alex/youtubedownloader/Main.java","tags":{"FILE_LINE_OF_CODE":"7"}}
{"ts":1685096779386,"action":"FILE_CLOSED","file":"/src/main/java/me/alex/youtubedownloader/Main.java","tags":{"FILE_LINE_OF_CODE":"7"}}
{"ts":1685096779386,"action":"FILE_OPENED","file":"/src/main/java/me/alex/youtubedownloader/listener/ResultListSelectionListener.java","tags":{"FILE_LINE_OF_CODE":"34"}}
{"ts":1685096831170,"action":"IDE_DEACTIVATED"}
{"ts":1685096992911,"action":"IDE_ACTIVATED"}
{"ts":1685097056300,"action":"FILE_CLOSED","file":"/src/main/java/me/alex/youtubedownloader/listener/ResultListSelectionListener.java","tags":{"FILE_LINE_OF_CODE":"36"}}
{"ts":1685097056300,"action":"FILE_OPENED","file":"/src/main/java/me/alex/youtubedownloader/YoutubeUI.java","tags":{"FILE_LINE_OF_CODE":"221"}}
{"ts":1685097117360,"action":"FILE_CLOSED","file":"/src/main/java/me/alex/youtubedownloader/YoutubeUI.java","tags":{"FILE_LINE_OF_CODE":"219"}}
{"ts":1685097117360,"action":"FILE_OPENED","file":"/src/main/java/me/alex/youtubedownloader/utils/Utils.java","tags":{"FILE_LINE_OF_CODE":"242"}}
{"ts":1685097245967,"action":"IDE_DEACTIVATED"}
{"ts":1685097386171,"action":"IDE_ACTIVATED"}
{"ts":1685097389144,"action":"PROJECT_CLOSED","tags":{"PROJECT_NAME":"YoutubeDownloader"}}
{"ts":1685116953488,"action":"FILE_OPENED","file":"/build.gradle","tags":{"FILE_LINE_OF_CODE":"36"}}
{"ts":1685116954139,"action":"PROJECT_OPENED","tags":{"PROJECT_NAME":"YoutubeDownloader"}}
{"ts":1685116954503,"action":"FILE_CLOSED","file":"/build.gradle","tags":{"FILE_LINE_OF_CODE":"36"}}
{"ts":1685116954503,"action":"FILE_OPENED","file":"/src/main/java/me/alex/youtubedownloader/utils/Utils.java","tags":{"FILE_LINE_OF_CODE":"242"}}
{"ts":1685117055079,"action":"FILE_CLOSED","file":"/src/main/java/me/alex/youtubedownloader/utils/Utils.java","tags":{"FILE_LINE_OF_CODE":"242"}}
{"ts":1685117055079,"action":"FILE_OPENED","file":"/src/main/java/me/alex/youtubedownloader/listener/DownloadActionListener.java","tags":{"FILE_LINE_OF_CODE":"61"}}
{"ts":1685117153479,"action":"FILE_CLOSED","file":"/src/main/java/me/alex/youtubedownloader/listener/DownloadActionListener.java","tags":{"FILE_LINE_OF_CODE":"61"}}
{"ts":1685117153479,"action":"FILE_OPENED","file":"/src/main/java/me/alex/youtubedownloader/YoutubeUI.java","tags":{"FILE_LINE_OF_CODE":"219"}}
{"ts":1685117556802,"action":"FILE_CLOSED","file":"/src/main/java/me/alex/youtubedownloader/YoutubeUI.java","tags":{"FILE_LINE_OF_CODE":"219"}}
{"ts":1685117696985,"action":"FILE_OPENED","file":"/src/main/java/me/alex/youtubedownloader/YoutubeUI.java","tags":{"FILE_LINE_OF_CODE":"219"}}
{"ts":1685117720190,"action":"FILE_CLOSED","file":"/src/main/java/me/alex/youtubedownloader/YoutubeUI.java","tags":{"FILE_LINE_OF_CODE":"219"}}
{"ts":1685117845800,"action":"IDE_DEACTIVATED"}
{"ts":1685117942185,"action":"IDE_ACTIVATED"}
{"ts":1685117944477,"action":"FILE_OPENED","file":"/src/main/java/me/alex/youtubedownloader/YoutubeUI.java","tags":{"FILE_LINE_OF_CODE":"219"}}
{"ts":1685117951203,"action":"IDE_DEACTIVATED"}
{"ts":1685118082651,"action":"IDE_ACTIVATED"}
{"ts":1685118091913,"action":"FILE_CLOSED","file":"/src/main/java/me/alex/youtubedownloader/YoutubeUI.java","tags":{"FILE_LINE_OF_CODE":"219"}}
{"ts":1685118091913,"action":"FILE_OPENED","file":"/src/main/java/me/alex/youtubedownloader/renderer/ModernScrollpane.java","tags":{"FILE_LINE_OF_CODE":"3"}}
{"ts":1685118173360,"action":"IDE_DEACTIVATED"}
{"ts":1685118194460,"action":"IDE_ACTIVATED"}
{"ts":1685118206144,"action":"FILE_CLOSED","file":"/src/main/java/me/alex/youtubedownloader/renderer/ModernScrollPane.java","tags":{"FILE_LINE_OF_CODE":"181"}}
{"ts":1685118206144,"action":"FILE_OPENED","file":"/src/main/java/me/alex/youtubedownloader/YoutubeUI.java","tags":{"FILE_LINE_OF_CODE":"219"}}
{"ts":1685118222095,"action":"IDE_DEACTIVATED"}
{"ts":1685118223791,"action":"IDE_ACTIVATED"}
{"ts":1685118224908,"action":"FILE_CLOSED","file":"/src/main/java/me/alex/youtubedownloader/YoutubeUI.java","tags":{"FILE_LINE_OF_CODE":"220"}}
{"ts":1685118224908,"action":"FILE_OPENED","file":"/src/main/java/me/alex/youtubedownloader/renderer/ModernScrollPane.java","tags":{"FILE_LINE_OF_CODE":"181"}}
{"ts":1685118249657,"action":"FILE_CLOSED","file":"/src/main/java/me/alex/youtubedownloader/renderer/ModernScrollPane.java","tags":{"FILE_LINE_OF_CODE":"166"}}
{"ts":1685118249657,"action":"FILE_OPENED","file":"/src/main/java/me/alex/youtubedownloader/Main.java","tags":{"FILE_LINE_OF_CODE":"7"}}
{"ts":1685118252591,"action":"IDE_DEACTIVATED"}
{"ts":1685118278995,"action":"IDE_ACTIVATED"}
{"ts":1685118281954,"action":"FILE_CLOSED","file":"/src/main/java/me/alex/youtubedownloader/Main.java","tags":{"FILE_LINE_OF_CODE":"7"}}
{"ts":1685118281954,"action":"FILE_OPENED","file":"/src/main/java/me/alex/youtubedownloader/renderer/ModernScrollPane.java","tags":{"FILE_LINE_OF_CODE":"166"}}
{"ts":1685118507700,"action":"FILE_CLOSED","file":"/src/main/java/me/alex/youtubedownloader/renderer/ModernScrollPane.java","tags":{"FILE_LINE_OF_CODE":"167"}}
{"ts":1685118507700,"action":"FILE_OPENED","file":"/src/main/java/me/alex/youtubedownloader/constants/Constants.java","tags":{"FILE_LINE_OF_CODE":"3"}}
{"ts":1685118566598,"action":"IDE_DEACTIVATED"}
{"ts":1685118646450,"action":"IDE_ACTIVATED"}
{"ts":1685118730707,"action":"FILE_CLOSED","file":"/src/main/java/me/alex/youtubedownloader/constants/Constants.java","tags":{"FILE_LINE_OF_CODE":"10"}}
{"ts":1685118730707,"action":"FILE_OPENED","file":"/src/main/java/me/alex/youtubedownloader/YoutubeUI.java","tags":{"FILE_LINE_OF_CODE":"220"}}
{"ts":1685118741448,"action":"FILE_CLOSED","file":"/src/main/java/me/alex/youtubedownloader/YoutubeUI.java","tags":{"FILE_LINE_OF_CODE":"216"}}
{"ts":1685118741448,"action":"FILE_OPENED","file":"/src/main/java/me/alex/youtubedownloader/constants/Constants.java","tags":{"FILE_LINE_OF_CODE":"10"}}
{"ts":1685118752533,"action":"FILE_CLOSED","file":"/src/main/java/me/alex/youtubedownloader/constants/Constants.java","tags":{"FILE_LINE_OF_CODE":"12"}}
{"ts":1685118752533,"action":"FILE_OPENED","file":"/src/main/java/me/alex/youtubedownloader/YoutubeUI.java","tags":{"FILE_LINE_OF_CODE":"216"}}
{"ts":1685118919490,"action":"FILE_CLOSED","file":"/src/main/java/me/alex/youtubedownloader/YoutubeUI.java","tags":{"FILE_LINE_OF_CODE":"218"}}
{"ts":1685118919490,"action":"FILE_OPENED","file":"/src/main/java/me/alex/youtubedownloader/constants/Constants.java","tags":{"FILE_LINE_OF_CODE":"12"}}
{"ts":1685118928743,"action":"FILE_CLOSED","file":"/src/main/java/me/alex/youtubedownloader/constants/Constants.java","tags":{"FILE_LINE_OF_CODE":"12"}}
{"ts":1685118928743,"action":"FILE_OPENED","file":"/src/main/java/me/alex/youtubedownloader/renderer/ModernScrollPane.java","tags":{"FILE_LINE_OF_CODE":"167"}}
{"ts":1685119014692,"action":"FILE_CLOSED","file":"/src/main/java/me/alex/youtubedownloader/renderer/ModernScrollPane.java","tags":{"FILE_LINE_OF_CODE":"170"}}
{"ts":1685119048096,"action":"FILE_OPENED","file":"/src/main/java/me/alex/youtubedownloader/renderer/ModernScrollPane.java","tags":{"FILE_LINE_OF_CODE":"170"}}
{"ts":1685119054271,"action":"IDE_DEACTIVATED"}
{"ts":1685119083719,"action":"IDE_ACTIVATED"}
{"ts":1685119134174,"action":"IDE_DEACTIVATED"}
{"ts":1685119147722,"action":"IDE_ACTIVATED"}
{"ts":1685119206554,"action":"FILE_CLOSED","file":"/src/main/java/me/alex/youtubedownloader/renderer/ModernScrollPane.java","tags":{"FILE_LINE_OF_CODE":"169"}}
{"ts":1685119246701,"action":"FILE_OPENED","file":"/src/main/java/me/alex/youtubedownloader/renderer/ModernScrollPane.java","tags":{"FILE_LINE_OF_CODE":"169"}}
{"ts":1685119265004,"action":"IDE_DEACTIVATED"}
{"ts":1685119283110,"action":"IDE_ACTIVATED"}
{"ts":1685119325322,"action":"IDE_DEACTIVATED"}
{"ts":1685119336009,"action":"IDE_ACTIVATED"}
{"ts":1685119347830,"action":"IDE_DEACTIVATED"}
{"ts":1685119362329,"action":"IDE_ACTIVATED"}
{"ts":1685119367963,"action":"IDE_DEACTIVATED"}
{"ts":1685119383708,"action":"IDE_ACTIVATED"}
{"ts":1685119396073,"action":"IDE_DEACTIVATED"}
{"ts":1685119414624,"action":"IDE_ACTIVATED"}
{"ts":1685119487269,"action":"FILE_CLOSED","file":"/src/main/java/me/alex/youtubedownloader/renderer/ModernScrollPane.java","tags":{"FILE_LINE_OF_CODE":"170"}}
{"ts":1685119487269,"action":"FILE_OPENED","file":"/src/main/java/me/alex/youtubedownloader/constants/Constants.java","tags":{"FILE_LINE_OF_CODE":"13"}}
{"ts":1685119495635,"action":"FILE_CLOSED","file":"/src/main/java/me/alex/youtubedownloader/constants/Constants.java","tags":{"FILE_LINE_OF_CODE":"13"}}
{"ts":1685119495635,"action":"FILE_OPENED","file":"/src/main/java/me/alex/youtubedownloader/renderer/ModernScrollPane.java","tags":{"FILE_LINE_OF_CODE":"170"}}
{"ts":1685119538810,"action":"IDE_DEACTIVATED"}
{"ts":1685119569736,"action":"IDE_ACTIVATED"}
{"ts":1685119639540,"action":"IDE_DEACTIVATED"}
{"ts":1685119665051,"action":"IDE_ACTIVATED"}
{"ts":1685119707982,"action":"IDE_DEACTIVATED"}
{"ts":1685119732430,"action":"IDE_ACTIVATED"}
{"ts":1685119896461,"action":"FILE_CLOSED","file":"/src/main/java/me/alex/youtubedownloader/renderer/ModernScrollPane.java","tags":{"FILE_LINE_OF_CODE":"172"}}
{"ts":1685119896461,"action":"FILE_OPENED","file":"/src/main/java/me/alex/youtubedownloader/YoutubeUI.java","tags":{"FILE_LINE_OF_CODE":"218"}}
{"ts":1685119930166,"action":"IDE_DEACTIVATED"}
{"ts":1685119945771,"action":"IDE_ACTIVATED"}
{"ts":1685119953411,"action":"IDE_DEACTIVATED"}
{"ts":1685119957446,"action":"IDE_ACTIVATED"}
{"ts":1685119962485,"action":"IDE_DEACTIVATED"}
{"ts":1685119983439,"action":"IDE_ACTIVATED"}
{"ts":1685120303322,"action":"IDE_DEACTIVATED"}
{"ts":1685120305113,"action":"IDE_ACTIVATED"}
{"ts":1685120313887,"action":"IDE_DEACTIVATED"}
{"ts":1685120326565,"action":"IDE_ACTIVATED"}
{"ts":1685120330900,"action":"FILE_CLOSED","file":"/src/main/java/me/alex/youtubedownloader/YoutubeUI.java","tags":{"FILE_LINE_OF_CODE":"218"}}
{"ts":1685120330900,"action":"FILE_OPENED","file":"/src/main/java/me/alex/youtubedownloader/renderer/ModernScrollPane.java","tags":{"FILE_LINE_OF_CODE":"172"}}
{"ts":1685120359113,"action":"FILE_CLOSED","file":"/src/main/java/me/alex/youtubedownloader/renderer/ModernScrollPane.java","tags":{"FILE_LINE_OF_CODE":"172"}}
{"ts":1685120442657,"action":"FILE_OPENED","file":"/src/main/java/me/alex/youtubedownloader/renderer/ModernScrollPane.java","tags":{"FILE_LINE_OF_CODE":"172"}}
{"ts":1685120966672,"action":"IDE_DEACTIVATED"}
{"ts":1685120999418,"action":"IDE_ACTIVATED"}
{"ts":1685121061317,"action":"IDE_DEACTIVATED"}
{"ts":1685121080618,"action":"IDE_ACTIVATED"}
{"ts":1685121160968,"action":"IDE_DEACTIVATED"}
{"ts":1685121183531,"action":"IDE_ACTIVATED"}
{"ts":1685121257802,"action":"IDE_DEACTIVATED"}
{"ts":1685121284166,"action":"IDE_ACTIVATED"}
{"ts":1685121308343,"action":"IDE_DEACTIVATED"}
{"ts":1685121321099,"action":"IDE_ACTIVATED"}
{"ts":1685121582891,"action":"FILE_CLOSED","file":"/src/main/java/me/alex/youtubedownloader/renderer/ModernScrollPane.java","tags":{"FILE_LINE_OF_CODE":"184"}}
{"ts":1685121582891,"action":"FILE_OPENED","file":"/src/main/java/me/alex/youtubedownloader/constants/Constants.java","tags":{"FILE_LINE_OF_CODE":"13"}}
{"ts":1685121588469,"action":"FILE_CLOSED","file":"/src/main/java/me/alex/youtubedownloader/constants/Constants.java","tags":{"FILE_LINE_OF_CODE":"13"}}
{"ts":1685121588469,"action":"FILE_OPENED","file":"/src/main/java/me/alex/youtubedownloader/renderer/ModernScrollPane.java","tags":{"FILE_LINE_OF_CODE":"184"}}
{"ts":1685121676383,"action":"IDE_DEACTIVATED"}
{"ts":1685121694329,"action":"IDE_ACTIVATED"}
{"ts":1685121767387,"action":"FILE_CLOSED","file":"/src/main/java/me/alex/youtubedownloader/renderer/ModernScrollPane.java","tags":{"FILE_LINE_OF_CODE":"184"}}
{"ts":1685121799968,"action":"FILE_OPENED","file":"/src/main/java/me/alex/youtubedownloader/renderer/ModernScrollPane.java","tags":{"FILE_LINE_OF_CODE":"184"}}
{"ts":1685121828924,"action":"FILE_CLOSED","file":"/src/main/java/me/alex/youtubedownloader/renderer/ModernScrollPane.java","tags":{"FILE_LINE_OF_CODE":"184"}}
{"ts":1685121833834,"action":"FILE_OPENED","file":"/src/main/java/me/alex/youtubedownloader/renderer/ModernScrollPane.java","tags":{"FILE_LINE_OF_CODE":"184"}}
{"ts":1685122069564,"action":"IDE_DEACTIVATED"}
{"ts":1685122086420,"action":"IDE_ACTIVATED"}
{"ts":1685122092144,"action":"IDE_DEACTIVATED"}
{"ts":1685122125052,"action":"IDE_ACTIVATED"}
{"ts":1685122421073,"action":"IDE_DEACTIVATED"}
{"ts":1685122448160,"action":"IDE_ACTIVATED"}
{"ts":1685122470271,"action":"IDE_DEACTIVATED"}
{"ts":1685122472767,"action":"IDE_ACTIVATED"}
{"ts":1685122505746,"action":"IDE_DEACTIVATED"}
{"ts":1685122521606,"action":"IDE_ACTIVATED"}
{"ts":1685122546567,"action":"IDE_DEACTIVATED"}
{"ts":1685122689561,"action":"IDE_ACTIVATED"}
{"ts":1685122732521,"action":"FILE_CLOSED","file":"/src/main/java/me/alex/youtubedownloader/renderer/ModernScrollPane.java","tags":{"FILE_LINE_OF_CODE":"192"}}
{"ts":1685122732521,"action":"FILE_OPENED","file":"/src/main/java/me/alex/youtubedownloader/constants/Constants.java","tags":{"FILE_LINE_OF_CODE":"13"}}
{"ts":1685122746892,"action":"IDE_DEACTIVATED"}
{"ts":1685123956418,"action":"IDE_ACTIVATED"}
{"ts":1685123960283,"action":"FILE_CLOSED","file":"/src/main/java/me/alex/youtubedownloader/constants/Constants.java","tags":{"FILE_LINE_OF_CODE":"13"}}
{"ts":1685123960283,"action":"FILE_OPENED","file":"/src/main/java/me/alex/youtubedownloader/renderer/ResultListCellRenderer.java","tags":{"FILE_LINE_OF_CODE":"67"}}
{"ts":1685125229192,"action":"FILE_CLOSED","file":"/src/main/java/me/alex/youtubedownloader/renderer/ResultListCellRenderer.java","tags":{"FILE_LINE_OF_CODE":"67"}}
{"ts":1685125229192,"action":"FILE_OPENED","file":"/src/main/java/me/alex/youtubedownloader/renderer/ModernScrollPane.java","tags":{"FILE_LINE_OF_CODE":"192"}}
{"ts":1685125236756,"action":"FILE_CLOSED","file":"/src/main/java/me/alex/youtubedownloader/renderer/ModernScrollPane.java","tags":{"FILE_LINE_OF_CODE":"192"}}
{"ts":1685125236756,"action":"FILE_OPENED","file":"/src/main/java/me/alex/youtubedownloader/utils/Utils.java","tags":{"FILE_LINE_OF_CODE":"242"}}
{"ts":1685125265260,"action":"FILE_CLOSED","file":"/src/main/java/me/alex/youtubedownloader/utils/Utils.java","tags":{"FILE_LINE_OF_CODE":"242"}}
{"ts":1685125353593,"action":"FILE_OPENED","file":"/src/main/java/me/alex/youtubedownloader/utils/Utils.java","tags":{"FILE_LINE_OF_CODE":"242"}}
{"ts":1685125359044,"action":"IDE_DEACTIVATED"}
{"ts":1685125458835,"action":"IDE_ACTIVATED"}
{"ts":1685125466464,"action":"FILE_CLOSED","file":"/src/main/java/me/alex/youtubedownloader/utils/Utils.java","tags":{"FILE_LINE_OF_CODE":"242"}}
{"ts":1685125466464,"action":"FILE_OPENED","file":"/src/main/java/me/alex/youtubedownloader/listener/ResultListSelectionListener.java","tags":{"FILE_LINE_OF_CODE":"36"}}
{"ts":1685125469940,"action":"FILE_CLOSED","file":"/src/main/java/me/alex/youtubedownloader/listener/ResultListSelectionListener.java","tags":{"FILE_LINE_OF_CODE":"36"}}
{"ts":1685125469940,"action":"FILE_OPENED","file":"/src/main/java/me/alex/youtubedownloader/renderer/ResultListCellRenderer.java","tags":{"FILE_LINE_OF_CODE":"67"}}
{"ts":1685125474357,"action":"FILE_CLOSED","file":"/src/main/java/me/alex/youtubedownloader/renderer/ResultListCellRenderer.java","tags":{"FILE_LINE_OF_CODE":"67"}}
{"ts":1685125474357,"action":"FILE_OPENED","file":"/src/main/java/me/alex/youtubedownloader/YoutubeUI.java","tags":{"FILE_LINE_OF_CODE":"218"}}
{"ts":1685125476807,"action":"FILE_CLOSED","file":"/src/main/java/me/alex/youtubedownloader/YoutubeUI.java","tags":{"FILE_LINE_OF_CODE":"218"}}
{"ts":1685125476807,"action":"FILE_OPENED","file":"/src/main/java/me/alex/youtubedownloader/renderer/ResultListCellRenderer.java","tags":{"FILE_LINE_OF_CODE":"67"}}
{"ts":1685125515050,"action":"FILE_CLOSED","file":"/src/main/java/me/alex/youtubedownloader/renderer/ResultListCellRenderer.java","tags":{"FILE_LINE_OF_CODE":"67"}}
{"ts":1685125515050,"action":"FILE_OPENED","file":"/src/main/java/me/alex/youtubedownloader/YoutubeUI.java","tags":{"FILE_LINE_OF_CODE":"218"}}
{"ts":1685125563731,"action":"IDE_DEACTIVATED"}
{"ts":1685125580682,"action":"IDE_ACTIVATED"}
{"ts":1685125589139,"action":"IDE_DEACTIVATED"}
{"ts":1685125608169,"action":"IDE_ACTIVATED"}
{"ts":1685125609835,"action":"IDE_DEACTIVATED"}
{"ts":1685125609908,"action":"IDE_ACTIVATED"}
{"ts":1685125618979,"action":"IDE_DEACTIVATED"}
{"ts":1685125631479,"action":"IDE_ACTIVATED"}
{"ts":1685125658771,"action":"IDE_DEACTIVATED"}
{"ts":1685125681691,"action":"IDE_ACTIVATED"}
{"ts":1685125714395,"action":"IDE_DEACTIVATED"}
{"ts":1685125729084,"action":"IDE_ACTIVATED"}
{"ts":1685125739570,"action":"IDE_DEACTIVATED"}
{"ts":1685125748163,"action":"IDE_ACTIVATED"}
{"ts":1685125754499,"action":"IDE_DEACTIVATED"}
{"ts":1685125798717,"action":"IDE_ACTIVATED"}
{"ts":1685125801734,"action":"IDE_DEACTIVATED"}
{"ts":1685125801811,"action":"IDE_ACTIVATED"}
{"ts":1685125813810,"action":"IDE_DEACTIVATED"}
{"ts":1685125840636,"action":"IDE_ACTIVATED"}
{"ts":1685125868920,"action":"IDE_DEACTIVATED"}
{"ts":1685125872332,"action":"IDE_ACTIVATED"}
{"ts":1685125907641,"action":"IDE_DEACTIVATED"}
{"ts":1685125942053,"action":"IDE_ACTIVATED"}
{"ts":1685126270839,"action":"IDE_DEACTIVATED"}
{"ts":1685126302686,"action":"IDE_ACTIVATED"}
{"ts":1685126314448,"action":"IDE_DEACTIVATED"}
{"ts":1685126339125,"action":"IDE_ACTIVATED"}
{"ts":1685126340384,"action":"IDE_DEACTIVATED"}
{"ts":1685126360849,"action":"IDE_ACTIVATED"}
{"ts":1685126361634,"action":"IDE_DEACTIVATED"}
{"ts":1685126361712,"action":"IDE_ACTIVATED"}
{"ts":1685126368175,"action":"IDE_DEACTIVATED"}
{"ts":1685126391568,"action":"IDE_ACTIVATED"}
{"ts":1685126400513,"action":"FILE_CLOSED","file":"/src/main/java/me/alex/youtubedownloader/YoutubeUI.java","tags":{"FILE_LINE_OF_CODE":"223"}}
{"ts":1685126400513,"action":"FILE_OPENED","file":"/src/main/java/me/alex/youtubedownloader/renderer/ResultListCellRenderer.java","tags":{"FILE_LINE_OF_CODE":"67"}}
{"ts":1685126413346,"action":"FILE_CLOSED","file":"/src/main/java/me/alex/youtubedownloader/renderer/ResultListCellRenderer.java","tags":{"FILE_LINE_OF_CODE":"67"}}
{"ts":1685126413346,"action":"FILE_OPENED","file":"/src/main/java/me/alex/youtubedownloader/YoutubeUI.java","tags":{"FILE_LINE_OF_CODE":"223"}}
{"ts":1685126433662,"action":"IDE_DEACTIVATED"}
{"ts":1685126496946,"action":"IDE_ACTIVATED"}
{"ts":1685126502963,"action":"FILE_CLOSED","file":"/src/main/java/me/alex/youtubedownloader/YoutubeUI.java","tags":{"FILE_LINE_OF_CODE":"224"}}
{"ts":1685126502963,"action":"FILE_OPENED","file":"/src/main/java/me/alex/youtubedownloader/listener/LocationActionListener.java","tags":{"FILE_LINE_OF_CODE":"25"}}
{"ts":1685126519504,"action":"IDE_DEACTIVATED"}
{"ts":1685126556162,"action":"IDE_ACTIVATED"}
{"ts":1685126567514,"action":"FILE_CLOSED","file":"/src/main/java/me/alex/youtubedownloader/listener/LocationActionListener.java","tags":{"FILE_LINE_OF_CODE":"25"}}
{"ts":1685126567514,"action":"FILE_OPENED","file":"/src/main/java/me/alex/youtubedownloader/YoutubeUI.java","tags":{"FILE_LINE_OF_CODE":"224"}}
{"ts":1685126633995,"action":"IDE_DEACTIVATED"}
{"ts":1685126638532,"action":"IDE_ACTIVATED"}
{"ts":1685126665719,"action":"IDE_DEACTIVATED"}
{"ts":1685126682325,"action":"IDE_ACTIVATED"}
{"ts":1685126702692,"action":"IDE_DEACTIVATED"}
{"ts":1685126705814,"action":"IDE_ACTIVATED"}
{"ts":1685126721309,"action":"IDE_DEACTIVATED"}
{"ts":1685126728385,"action":"IDE_ACTIVATED"}
{"ts":1685126729476,"action":"IDE_DEACTIVATED"}
{"ts":1685126741149,"action":"IDE_ACTIVATED"}
{"ts":1685126742705,"action":"IDE_DEACTIVATED"}
{"ts":1685126742777,"action":"IDE_ACTIVATED"}
{"ts":1685126752817,"action":"IDE_DEACTIVATED"}
{"ts":1685126900446,"action":"IDE_ACTIVATED"}
{"ts":1685126965038,"action":"FILE_CLOSED","file":"/src/main/java/me/alex/youtubedownloader/YoutubeUI.java","tags":{"FILE_LINE_OF_CODE":"227"}}
{"ts":1685126965038,"action":"FILE_OPENED","file":"/src/main/java/me/alex/youtubedownloader/constants/Constants.java","tags":{"FILE_LINE_OF_CODE":"13"}}
{"ts":1685127018923,"action":"FILE_CLOSED","file":"/src/main/java/me/alex/youtubedownloader/constants/Constants.java","tags":{"FILE_LINE_OF_CODE":"14"}}
{"ts":1685127018923,"action":"FILE_OPENED","file":"/src/main/java/me/alex/youtubedownloader/YoutubeUI.java","tags":{"FILE_LINE_OF_CODE":"227"}}
{"ts":1685127135164,"action":"IDE_DEACTIVATED"}
{"ts":1685127144053,"action":"IDE_ACTIVATED"}
{"ts":1685127164553,"action":"IDE_DEACTIVATED"}
{"ts":1685127167595,"action":"IDE_ACTIVATED"}
{"ts":1685127206289,"action":"IDE_DEACTIVATED"}
{"ts":1685127209480,"action":"IDE_ACTIVATED"}
{"ts":1685127215141,"action":"IDE_DEACTIVATED"}
{"ts":1685127220168,"action":"IDE_ACTIVATED"}
{"ts":1685127227704,"action":"IDE_DEACTIVATED"}
{"ts":1685127232221,"action":"IDE_ACTIVATED"}
{"ts":1685127243774,"action":"IDE_DEACTIVATED"}
{"ts":1685127247108,"action":"IDE_ACTIVATED"}
{"ts":1685127276289,"action":"IDE_DEACTIVATED"}
{"ts":1685127283199,"action":"IDE_ACTIVATED"}
{"ts":1685127299862,"action":"IDE_DEACTIVATED"}
{"ts":1685127303138,"action":"IDE_ACTIVATED"}
{"ts":1685127327726,"action":"IDE_DEACTIVATED"}
{"ts":1685127347204,"action":"IDE_ACTIVATED"}
{"ts":1685127372476,"action":"IDE_DEACTIVATED"}
{"ts":1685127403287,"action":"IDE_ACTIVATED"}
{"ts":1685127407400,"action":"FILE_CLOSED","file":"/src/main/java/me/alex/youtubedownloader/YoutubeUI.java","tags":{"FILE_LINE_OF_CODE":"238"}}
{"ts":1685127407400,"action":"FILE_OPENED","file":"/src/main/java/me/alex/youtubedownloader/constants/Constants.java","tags":{"FILE_LINE_OF_CODE":"14"}}
{"ts":1685127408201,"action":"IDE_DEACTIVATED"}
{"ts":1685127410056,"action":"IDE_ACTIVATED"}
{"ts":1685127454408,"action":"IDE_DEACTIVATED"}
{"ts":1685127454472,"action":"IDE_ACTIVATED"}
{"ts":1685127459291,"action":"FILE_CLOSED","file":"/src/main/java/me/alex/youtubedownloader/constants/Constants.java","tags":{"FILE_LINE_OF_CODE":"15"}}
{"ts":1685127459291,"action":"FILE_OPENED","file":"/src/main/java/me/alex/youtubedownloader/YoutubeUI.java","tags":{"FILE_LINE_OF_CODE":"238"}}
{"ts":1685127523313,"action":"IDE_DEACTIVATED"}
{"ts":1685127527563,"action":"IDE_ACTIVATED"}
{"ts":1685127541175,"action":"IDE_DEACTIVATED"}
{"ts":1685127544351,"action":"IDE_ACTIVATED"}
{"ts":1685127552129,"action":"IDE_DEACTIVATED"}
{"ts":1685127558121,"action":"IDE_ACTIVATED"}
{"ts":1685127559011,"action":"IDE_DEACTIVATED"}
{"ts":1685127562651,"action":"IDE_ACTIVATED"}
{"ts":1685127609582,"action":"IDE_DEACTIVATED"}
{"ts":1685127629367,"action":"IDE_ACTIVATED"}
{"ts":1685127662228,"action":"IDE_DEACTIVATED"}
{"ts":1685127673799,"action":"IDE_ACTIVATED"}
{"ts":1685127707767,"action":"IDE_DEACTIVATED"}
{"ts":1685127710220,"action":"IDE_ACTIVATED"}
{"ts":1685127726274,"action":"IDE_DEACTIVATED"}
{"ts":1685127730497,"action":"IDE_ACTIVATED"}
{"ts":1685127747429,"action":"IDE_DEACTIVATED"}
{"ts":1685127755482,"action":"IDE_ACTIVATED"}
{"ts":1685127771254,"action":"IDE_DEACTIVATED"}
{"ts":1685127774076,"action":"IDE_ACTIVATED"}
{"ts":1685127940386,"action":"IDE_DEACTIVATED"}
{"ts":1685127943634,"action":"IDE_ACTIVATED"}
{"ts":1685127967505,"action":"IDE_DEACTIVATED"}
{"ts":1685127993475,"action":"IDE_ACTIVATED"}
{"ts":1685127998868,"action":"IDE_DEACTIVATED"}
{"ts":1685128016024,"action":"IDE_ACTIVATED"}
{"ts":1685128024381,"action":"FILE_CLOSED","file":"/src/main/java/me/alex/youtubedownloader/YoutubeUI.java","tags":{"FILE_LINE_OF_CODE":"237"}}
{"ts":1685128027485,"action":"FILE_OPENED","file":"/src/main/java/me/alex/youtubedownloader/YoutubeUI.java","tags":{"FILE_LINE_OF_CODE":"237"}}
{"ts":1685128028350,"action":"FILE_CLOSED","file":"/src/main/java/me/alex/youtubedownloader/YoutubeUI.java","tags":{"FILE_LINE_OF_CODE":"237"}}
{"ts":1685128028350,"action":"FILE_OPENED","file":"/src/main/java/me/alex/youtubedownloader/constants/Constants.java","tags":{"FILE_LINE_OF_CODE":"15"}}
{"ts":1685128033921,"action":"IDE_DEACTIVATED"}
{"ts":1685128040478,"action":"IDE_ACTIVATED"}
{"ts":1685128047855,"action":"FILE_CLOSED","file":"/src/main/java/me/alex/youtubedownloader/constants/Constants.java","tags":{"FILE_LINE_OF_CODE":"15"}}
{"ts":1685128047855,"action":"FILE_OPENED","file":"/src/main/java/me/alex/youtubedownloader/YoutubeUI.java","tags":{"FILE_LINE_OF_CODE":"237"}}
{"ts":1685128053693,"action":"IDE_DEACTIVATED"}
{"ts":1685128055605,"action":"IDE_ACTIVATED"}
{"ts":1685128065092,"action":"IDE_DEACTIVATED"}
{"ts":1685128068052,"action":"IDE_ACTIVATED"}
{"ts":1685128077086,"action":"IDE_DEACTIVATED"}
{"ts":1685128121652,"action":"IDE_ACTIVATED"}
{"ts":1685128139106,"action":"FILE_CLOSED","file":"/src/main/java/me/alex/youtubedownloader/YoutubeUI.java","tags":{"FILE_LINE_OF_CODE":"237"}}
{"ts":1685128139106,"action":"FILE_OPENED","file":"/src/main/java/me/alex/youtubedownloader/renderer/ResultListCellRenderer.java","tags":{"FILE_LINE_OF_CODE":"67"}}
{"ts":1685128153489,"action":"FILE_CLOSED","file":"/src/main/java/me/alex/youtubedownloader/renderer/ResultListCellRenderer.java","tags":{"FILE_LINE_OF_CODE":"67"}}
{"ts":1685128153489,"action":"FILE_OPENED","file":"/src/main/java/me/alex/youtubedownloader/models/YoutubeResult.java","tags":{"FILE_LINE_OF_CODE":"31"}}
{"ts":1685128175921,"action":"FILE_CLOSED","file":"/src/main/java/me/alex/youtubedownloader/models/YoutubeResult.java","tags":{"FILE_LINE_OF_CODE":"31"}}
{"ts":1685128175921,"action":"FILE_OPENED","file":"/src/main/java/me/alex/youtubedownloader/renderer/ModernScrollPane.java","tags":{"FILE_LINE_OF_CODE":"192"}}
{"ts":1685128418032,"action":"IDE_DEACTIVATED"}
